Analysis & Synthesis report for openmips_min_sopc
Mon Oct 03 20:09:42 2016
Quartus Prime Version 16.0.0 Build 211 04/27/2016 SJ Lite Edition


---------------------
; Table of Contents ;
---------------------
  1. Legal Notice
  2. Analysis & Synthesis Summary
  3. Analysis & Synthesis Settings
  4. Parallel Compilation
  5. Analysis & Synthesis Messages
  6. Analysis & Synthesis Suppressed Messages



----------------
; Legal Notice ;
----------------
Copyright (C) 1991-2016 Altera Corporation. All rights reserved.
Your use of Altera Corporation's design tools, logic functions 
and other software and tools, and its AMPP partner logic 
functions, and any output files from any of the foregoing 
(including device programming or simulation files), and any 
associated documentation or information are expressly subject 
to the terms and conditions of the Altera Program License 
Subscription Agreement, the Altera Quartus Prime License Agreement,
the Altera MegaCore Function License Agreement, or other 
applicable license agreement, including, without limitation, 
that your use is for the sole purpose of programming logic 
devices manufactured by Altera and sold by Altera or its 
authorized distributors.  Please refer to the applicable 
agreement for further details.



+---------------------------------------------------------------------------+
; Analysis & Synthesis Summary                                              ;
+-----------------------------+---------------------------------------------+
; Analysis & Synthesis Status ; Failed - Mon Oct 03 20:09:42 2016           ;
; Quartus Prime Version       ; 16.0.0 Build 211 04/27/2016 SJ Lite Edition ;
; Revision Name               ; openmips_min_sopc                           ;
; Top-level Entity Name       ; openmips_min_sopc                           ;
; Family                      ; Cyclone V                                   ;
; Logic utilization (in ALMs) ; N/A until Partition Merge                   ;
; Total registers             ; N/A until Partition Merge                   ;
; Total pins                  ; N/A until Partition Merge                   ;
; Total virtual pins          ; N/A until Partition Merge                   ;
; Total block memory bits     ; N/A until Partition Merge                   ;
; Total PLLs                  ; N/A until Partition Merge                   ;
; Total DLLs                  ; N/A until Partition Merge                   ;
+-----------------------------+---------------------------------------------+


+---------------------------------------------------------------------------------------------------------------------------+
; Analysis & Synthesis Settings                                                                                             ;
+---------------------------------------------------------------------------------+--------------------+--------------------+
; Option                                                                          ; Setting            ; Default Value      ;
+---------------------------------------------------------------------------------+--------------------+--------------------+
; Device                                                                          ; 5CGXFC7C7F23C8     ;                    ;
; Top-level entity name                                                           ; openmips_min_sopc  ; openmips_min_sopc  ;
; Family name                                                                     ; Cyclone V          ; Cyclone V          ;
; Use smart compilation                                                           ; Off                ; Off                ;
; Enable parallel Assembler and TimeQuest Timing Analyzer during compilation      ; On                 ; On                 ;
; Enable compact report table                                                     ; Off                ; Off                ;
; Restructure Multiplexers                                                        ; Auto               ; Auto               ;
; MLAB Add Timing Constraints For Mixed-Port Feed-Through Mode Setting Don't Care ; Off                ; Off                ;
; Create Debugging Nodes for IP Cores                                             ; Off                ; Off                ;
; Preserve fewer node names                                                       ; On                 ; On                 ;
; Disable OpenCore Plus hardware evaluation                                       ; Off                ; Off                ;
; Verilog Version                                                                 ; Verilog_2001       ; Verilog_2001       ;
; VHDL Version                                                                    ; VHDL_1993          ; VHDL_1993          ;
; State Machine Processing                                                        ; Auto               ; Auto               ;
; Safe State Machine                                                              ; Off                ; Off                ;
; Extract Verilog State Machines                                                  ; On                 ; On                 ;
; Extract VHDL State Machines                                                     ; On                 ; On                 ;
; Ignore Verilog initial constructs                                               ; Off                ; Off                ;
; Iteration limit for constant Verilog loops                                      ; 5000               ; 5000               ;
; Iteration limit for non-constant Verilog loops                                  ; 250                ; 250                ;
; Add Pass-Through Logic to Inferred RAMs                                         ; On                 ; On                 ;
; Infer RAMs from Raw Logic                                                       ; On                 ; On                 ;
; Parallel Synthesis                                                              ; On                 ; On                 ;
; DSP Block Balancing                                                             ; Auto               ; Auto               ;
; NOT Gate Push-Back                                                              ; On                 ; On                 ;
; Power-Up Don't Care                                                             ; On                 ; On                 ;
; Remove Redundant Logic Cells                                                    ; Off                ; Off                ;
; Remove Duplicate Registers                                                      ; On                 ; On                 ;
; Ignore CARRY Buffers                                                            ; Off                ; Off                ;
; Ignore CASCADE Buffers                                                          ; Off                ; Off                ;
; Ignore GLOBAL Buffers                                                           ; Off                ; Off                ;
; Ignore ROW GLOBAL Buffers                                                       ; Off                ; Off                ;
; Ignore LCELL Buffers                                                            ; Off                ; Off                ;
; Ignore SOFT Buffers                                                             ; On                 ; On                 ;
; Limit AHDL Integers to 32 Bits                                                  ; Off                ; Off                ;
; Optimization Technique                                                          ; Balanced           ; Balanced           ;
; Carry Chain Length                                                              ; 70                 ; 70                 ;
; Auto Carry Chains                                                               ; On                 ; On                 ;
; Auto Open-Drain Pins                                                            ; On                 ; On                 ;
; Perform WYSIWYG Primitive Resynthesis                                           ; Off                ; Off                ;
; Auto ROM Replacement                                                            ; On                 ; On                 ;
; Auto RAM Replacement                                                            ; On                 ; On                 ;
; Auto DSP Block Replacement                                                      ; On                 ; On                 ;
; Auto Shift Register Replacement                                                 ; Auto               ; Auto               ;
; Allow Shift Register Merging across Hierarchies                                 ; Auto               ; Auto               ;
; Auto Clock Enable Replacement                                                   ; On                 ; On                 ;
; Strict RAM Replacement                                                          ; Off                ; Off                ;
; Allow Synchronous Control Signals                                               ; On                 ; On                 ;
; Force Use of Synchronous Clear Signals                                          ; Off                ; Off                ;
; Auto Resource Sharing                                                           ; Off                ; Off                ;
; Allow Any RAM Size For Recognition                                              ; Off                ; Off                ;
; Allow Any ROM Size For Recognition                                              ; Off                ; Off                ;
; Allow Any Shift Register Size For Recognition                                   ; Off                ; Off                ;
; Use LogicLock Constraints during Resource Balancing                             ; On                 ; On                 ;
; Ignore translate_off and synthesis_off directives                               ; Off                ; Off                ;
; Timing-Driven Synthesis                                                         ; On                 ; On                 ;
; Report Parameter Settings                                                       ; On                 ; On                 ;
; Report Source Assignments                                                       ; On                 ; On                 ;
; Report Connectivity Checks                                                      ; On                 ; On                 ;
; Ignore Maximum Fan-Out Assignments                                              ; Off                ; Off                ;
; Synchronization Register Chain Length                                           ; 3                  ; 3                  ;
; PowerPlay Power Optimization During Synthesis                                   ; Normal compilation ; Normal compilation ;
; HDL message level                                                               ; Level2             ; Level2             ;
; Suppress Register Optimization Related Messages                                 ; Off                ; Off                ;
; Number of Removed Registers Reported in Synthesis Report                        ; 5000               ; 5000               ;
; Number of Swept Nodes Reported in Synthesis Report                              ; 5000               ; 5000               ;
; Number of Inverted Registers Reported in Synthesis Report                       ; 100                ; 100                ;
; Clock MUX Protection                                                            ; On                 ; On                 ;
; Auto Gated Clock Conversion                                                     ; Off                ; Off                ;
; Block Design Naming                                                             ; Auto               ; Auto               ;
; SDC constraint protection                                                       ; Off                ; Off                ;
; Synthesis Effort                                                                ; Auto               ; Auto               ;
; Shift Register Replacement - Allow Asynchronous Clear Signal                    ; On                 ; On                 ;
; Pre-Mapping Resynthesis Optimization                                            ; Off                ; Off                ;
; Analysis & Synthesis Message Level                                              ; Medium             ; Medium             ;
; Disable Register Merging Across Hierarchies                                     ; Auto               ; Auto               ;
; Resource Aware Inference For Block RAM                                          ; On                 ; On                 ;
; Synthesis Seed                                                                  ; 1                  ; 1                  ;
; Automatic Parallel Synthesis                                                    ; On                 ; On                 ;
; Partial Reconfiguration Bitstream ID                                            ; Off                ; Off                ;
+---------------------------------------------------------------------------------+--------------------+--------------------+


+------------------------------------------+
; Parallel Compilation                     ;
+----------------------------+-------------+
; Processors                 ; Number      ;
+----------------------------+-------------+
; Number detected on machine ; 8           ;
; Maximum allowed            ; 4           ;
;                            ;             ;
; Average used               ; 1.00        ;
; Maximum used               ; 1           ;
;                            ;             ;
; Usage by Processor         ; % Time Used ;
;     Processor 1            ; 100.0%      ;
+----------------------------+-------------+


+-------------------------------+
; Analysis & Synthesis Messages ;
+-------------------------------+
Info: *******************************************************************
Info: Running Quartus Prime Analysis & Synthesis
    Info: Version 16.0.0 Build 211 04/27/2016 SJ Lite Edition
    Info: Processing started: Mon Oct 03 20:09:30 2016
Info: Command: quartus_map --read_settings_files=on --write_settings_files=off openmips_min_sopc -c openmips_min_sopc
Warning (18236): Number of processors has not been specified which may cause overloading on shared machines.  Set the global assignment NUM_PARALLEL_PROCESSORS in your QSF to an appropriate value for best performance.
Info (20030): Parallel compilation is enabled and will use 4 of the 4 processors detected
Info (12021): Found 1 design units, including 1 entities, in source file f:/five_stages_pipeline/regfile.v
    Info (12023): Found entity 1: regfile File: F:/Five_Stages_PipeLine/regfile.v Line: 6
Info (12021): Found 1 design units, including 1 entities, in source file f:/five_stages_pipeline/pc_reg.v
    Info (12023): Found entity 1: pc_reg File: F:/Five_Stages_PipeLine/pc_reg.v Line: 4
Info (12021): Found 1 design units, including 1 entities, in source file f:/five_stages_pipeline/openmips_min_sopc_tb.v
    Info (12023): Found entity 1: openmips_min_sopc_tb File: F:/Five_Stages_PipeLine/openmips_min_sopc_tb.v Line: 7
Info (12021): Found 1 design units, including 1 entities, in source file f:/five_stages_pipeline/openmips_min_sopc.v
    Info (12023): Found entity 1: openmips_min_sopc File: F:/Five_Stages_PipeLine/openmips_min_sopc.v Line: 4
Info (12021): Found 1 design units, including 1 entities, in source file f:/five_stages_pipeline/openmips.v
    Info (12023): Found entity 1: openmips File: F:/Five_Stages_PipeLine/openmips.v Line: 4
Info (12021): Found 1 design units, including 1 entities, in source file f:/five_stages_pipeline/mem_wb.v
    Info (12023): Found entity 1: mem_wb File: F:/Five_Stages_PipeLine/mem_wb.v Line: 4
Info (12021): Found 1 design units, including 1 entities, in source file f:/five_stages_pipeline/mem.v
    Info (12023): Found entity 1: mem File: F:/Five_Stages_PipeLine/mem.v Line: 4
Info (12021): Found 1 design units, including 1 entities, in source file f:/five_stages_pipeline/llbit_reg.v
    Info (12023): Found entity 1: LLbit_reg File: F:/Five_Stages_PipeLine/LLbit_reg.v Line: 4
Info (12021): Found 1 design units, including 1 entities, in source file f:/five_stages_pipeline/inst_rom.v
    Info (12023): Found entity 1: inst_rom File: F:/Five_Stages_PipeLine/inst_rom.v Line: 4
Info (12021): Found 1 design units, including 1 entities, in source file f:/five_stages_pipeline/if_id.v
    Info (12023): Found entity 1: if_id File: F:/Five_Stages_PipeLine/if_id.v Line: 4
Info (12021): Found 1 design units, including 1 entities, in source file f:/five_stages_pipeline/id_ex.v
    Info (12023): Found entity 1: id_ex File: F:/Five_Stages_PipeLine/id_ex.v Line: 4
Info (12021): Found 1 design units, including 1 entities, in source file f:/five_stages_pipeline/id.v
    Info (12023): Found entity 1: id File: F:/Five_Stages_PipeLine/id.v Line: 5
Info (12021): Found 1 design units, including 1 entities, in source file f:/five_stages_pipeline/hilo_reg.v
    Info (12023): Found entity 1: hilo_reg File: F:/Five_Stages_PipeLine/hilo_reg.v Line: 4
Info (12021): Found 1 design units, including 1 entities, in source file f:/five_stages_pipeline/ex_mem.v
    Info (12023): Found entity 1: ex_mem File: F:/Five_Stages_PipeLine/ex_mem.v Line: 4
Info (12021): Found 1 design units, including 1 entities, in source file f:/five_stages_pipeline/ex.v
    Info (12023): Found entity 1: ex File: F:/Five_Stages_PipeLine/ex.v Line: 4
Info (12021): Found 1 design units, including 1 entities, in source file f:/five_stages_pipeline/div.v
    Info (12023): Found entity 1: div File: F:/Five_Stages_PipeLine/div.v Line: 4
Info (12021): Found 0 design units, including 0 entities, in source file f:/five_stages_pipeline/defines.v
Info (12021): Found 1 design units, including 1 entities, in source file f:/five_stages_pipeline/data_ram.v
    Info (12023): Found entity 1: data_ram File: F:/Five_Stages_PipeLine/data_ram.v Line: 4
Info (12021): Found 1 design units, including 1 entities, in source file f:/five_stages_pipeline/ctrl.v
    Info (12023): Found entity 1: ctrl File: F:/Five_Stages_PipeLine/ctrl.v Line: 4
Info (12021): Found 1 design units, including 1 entities, in source file f:/five_stages_pipeline/cp0_reg.v
    Info (12023): Found entity 1: cp0_reg File: F:/Five_Stages_PipeLine/cp0_reg.v Line: 4
Info (12127): Elaborating entity "openmips_min_sopc" for the top level hierarchy
Info (12128): Elaborating entity "openmips" for hierarchy "openmips:openmips0" File: F:/Five_Stages_PipeLine/openmips_min_sopc.v Line: 37
Info (12128): Elaborating entity "pc_reg" for hierarchy "openmips:openmips0|pc_reg:pc_reg0" File: F:/Five_Stages_PipeLine/openmips.v Line: 198
Info (12128): Elaborating entity "if_id" for hierarchy "openmips:openmips0|if_id:if_id0" File: F:/Five_Stages_PipeLine/openmips.v Line: 213
Info (12128): Elaborating entity "id" for hierarchy "openmips:openmips0|id:id0" File: F:/Five_Stages_PipeLine/openmips.v Line: 266
Warning (10240): Verilog HDL Always Construct warning at id.v(1197): inferring latch(es) for variable "reg1_o", which holds its previous value in one or more paths through the always construct File: F:/Five_Stages_PipeLine/id.v Line: 1197
Warning (10240): Verilog HDL Always Construct warning at id.v(1209): inferring latch(es) for variable "reg2_o", which holds its previous value in one or more paths through the always construct File: F:/Five_Stages_PipeLine/id.v Line: 1209
Info (10041): Inferred latch for "reg2_o[0]" at id.v(1209) File: F:/Five_Stages_PipeLine/id.v Line: 1209
Info (10041): Inferred latch for "reg2_o[1]" at id.v(1209) File: F:/Five_Stages_PipeLine/id.v Line: 1209
Info (10041): Inferred latch for "reg2_o[2]" at id.v(1209) File: F:/Five_Stages_PipeLine/id.v Line: 1209
Info (10041): Inferred latch for "reg2_o[3]" at id.v(1209) File: F:/Five_Stages_PipeLine/id.v Line: 1209
Info (10041): Inferred latch for "reg2_o[4]" at id.v(1209) File: F:/Five_Stages_PipeLine/id.v Line: 1209
Info (10041): Inferred latch for "reg2_o[5]" at id.v(1209) File: F:/Five_Stages_PipeLine/id.v Line: 1209
Info (10041): Inferred latch for "reg2_o[6]" at id.v(1209) File: F:/Five_Stages_PipeLine/id.v Line: 1209
Info (10041): Inferred latch for "reg2_o[7]" at id.v(1209) File: F:/Five_Stages_PipeLine/id.v Line: 1209
Info (10041): Inferred latch for "reg2_o[8]" at id.v(1209) File: F:/Five_Stages_PipeLine/id.v Line: 1209
Info (10041): Inferred latch for "reg2_o[9]" at id.v(1209) File: F:/Five_Stages_PipeLine/id.v Line: 1209
Info (10041): Inferred latch for "reg2_o[10]" at id.v(1209) File: F:/Five_Stages_PipeLine/id.v Line: 1209
Info (10041): Inferred latch for "reg2_o[11]" at id.v(1209) File: F:/Five_Stages_PipeLine/id.v Line: 1209
Info (10041): Inferred latch for "reg2_o[12]" at id.v(1209) File: F:/Five_Stages_PipeLine/id.v Line: 1209
Info (10041): Inferred latch for "reg2_o[13]" at id.v(1209) File: F:/Five_Stages_PipeLine/id.v Line: 1209
Info (10041): Inferred latch for "reg2_o[14]" at id.v(1209) File: F:/Five_Stages_PipeLine/id.v Line: 1209
Info (10041): Inferred latch for "reg2_o[15]" at id.v(1209) File: F:/Five_Stages_PipeLine/id.v Line: 1209
Info (10041): Inferred latch for "reg2_o[16]" at id.v(1209) File: F:/Five_Stages_PipeLine/id.v Line: 1209
Info (10041): Inferred latch for "reg2_o[17]" at id.v(1209) File: F:/Five_Stages_PipeLine/id.v Line: 1209
Info (10041): Inferred latch for "reg2_o[18]" at id.v(1209) File: F:/Five_Stages_PipeLine/id.v Line: 1209
Info (10041): Inferred latch for "reg2_o[19]" at id.v(1209) File: F:/Five_Stages_PipeLine/id.v Line: 1209
Info (10041): Inferred latch for "reg2_o[20]" at id.v(1209) File: F:/Five_Stages_PipeLine/id.v Line: 1209
Info (10041): Inferred latch for "reg2_o[21]" at id.v(1209) File: F:/Five_Stages_PipeLine/id.v Line: 1209
Info (10041): Inferred latch for "reg2_o[22]" at id.v(1209) File: F:/Five_Stages_PipeLine/id.v Line: 1209
Info (10041): Inferred latch for "reg2_o[23]" at id.v(1209) File: F:/Five_Stages_PipeLine/id.v Line: 1209
Info (10041): Inferred latch for "reg2_o[24]" at id.v(1209) File: F:/Five_Stages_PipeLine/id.v Line: 1209
Info (10041): Inferred latch for "reg2_o[25]" at id.v(1209) File: F:/Five_Stages_PipeLine/id.v Line: 1209
Info (10041): Inferred latch for "reg2_o[26]" at id.v(1209) File: F:/Five_Stages_PipeLine/id.v Line: 1209
Info (10041): Inferred latch for "reg2_o[27]" at id.v(1209) File: F:/Five_Stages_PipeLine/id.v Line: 1209
Info (10041): Inferred latch for "reg2_o[28]" at id.v(1209) File: F:/Five_Stages_PipeLine/id.v Line: 1209
Info (10041): Inferred latch for "reg2_o[29]" at id.v(1209) File: F:/Five_Stages_PipeLine/id.v Line: 1209
Info (10041): Inferred latch for "reg2_o[30]" at id.v(1209) File: F:/Five_Stages_PipeLine/id.v Line: 1209
Info (10041): Inferred latch for "reg2_o[31]" at id.v(1209) File: F:/Five_Stages_PipeLine/id.v Line: 1209
Info (10041): Inferred latch for "reg1_o[0]" at id.v(1197) File: F:/Five_Stages_PipeLine/id.v Line: 1197
Info (10041): Inferred latch for "reg1_o[1]" at id.v(1197) File: F:/Five_Stages_PipeLine/id.v Line: 1197
Info (10041): Inferred latch for "reg1_o[2]" at id.v(1197) File: F:/Five_Stages_PipeLine/id.v Line: 1197
Info (10041): Inferred latch for "reg1_o[3]" at id.v(1197) File: F:/Five_Stages_PipeLine/id.v Line: 1197
Info (10041): Inferred latch for "reg1_o[4]" at id.v(1197) File: F:/Five_Stages_PipeLine/id.v Line: 1197
Info (10041): Inferred latch for "reg1_o[5]" at id.v(1197) File: F:/Five_Stages_PipeLine/id.v Line: 1197
Info (10041): Inferred latch for "reg1_o[6]" at id.v(1197) File: F:/Five_Stages_PipeLine/id.v Line: 1197
Info (10041): Inferred latch for "reg1_o[7]" at id.v(1197) File: F:/Five_Stages_PipeLine/id.v Line: 1197
Info (10041): Inferred latch for "reg1_o[8]" at id.v(1197) File: F:/Five_Stages_PipeLine/id.v Line: 1197
Info (10041): Inferred latch for "reg1_o[9]" at id.v(1197) File: F:/Five_Stages_PipeLine/id.v Line: 1197
Info (10041): Inferred latch for "reg1_o[10]" at id.v(1197) File: F:/Five_Stages_PipeLine/id.v Line: 1197
Info (10041): Inferred latch for "reg1_o[11]" at id.v(1197) File: F:/Five_Stages_PipeLine/id.v Line: 1197
Info (10041): Inferred latch for "reg1_o[12]" at id.v(1197) File: F:/Five_Stages_PipeLine/id.v Line: 1197
Info (10041): Inferred latch for "reg1_o[13]" at id.v(1197) File: F:/Five_Stages_PipeLine/id.v Line: 1197
Info (10041): Inferred latch for "reg1_o[14]" at id.v(1197) File: F:/Five_Stages_PipeLine/id.v Line: 1197
Info (10041): Inferred latch for "reg1_o[15]" at id.v(1197) File: F:/Five_Stages_PipeLine/id.v Line: 1197
Info (10041): Inferred latch for "reg1_o[16]" at id.v(1197) File: F:/Five_Stages_PipeLine/id.v Line: 1197
Info (10041): Inferred latch for "reg1_o[17]" at id.v(1197) File: F:/Five_Stages_PipeLine/id.v Line: 1197
Info (10041): Inferred latch for "reg1_o[18]" at id.v(1197) File: F:/Five_Stages_PipeLine/id.v Line: 1197
Info (10041): Inferred latch for "reg1_o[19]" at id.v(1197) File: F:/Five_Stages_PipeLine/id.v Line: 1197
Info (10041): Inferred latch for "reg1_o[20]" at id.v(1197) File: F:/Five_Stages_PipeLine/id.v Line: 1197
Info (10041): Inferred latch for "reg1_o[21]" at id.v(1197) File: F:/Five_Stages_PipeLine/id.v Line: 1197
Info (10041): Inferred latch for "reg1_o[22]" at id.v(1197) File: F:/Five_Stages_PipeLine/id.v Line: 1197
Info (10041): Inferred latch for "reg1_o[23]" at id.v(1197) File: F:/Five_Stages_PipeLine/id.v Line: 1197
Info (10041): Inferred latch for "reg1_o[24]" at id.v(1197) File: F:/Five_Stages_PipeLine/id.v Line: 1197
Info (10041): Inferred latch for "reg1_o[25]" at id.v(1197) File: F:/Five_Stages_PipeLine/id.v Line: 1197
Info (10041): Inferred latch for "reg1_o[26]" at id.v(1197) File: F:/Five_Stages_PipeLine/id.v Line: 1197
Info (10041): Inferred latch for "reg1_o[27]" at id.v(1197) File: F:/Five_Stages_PipeLine/id.v Line: 1197
Info (10041): Inferred latch for "reg1_o[28]" at id.v(1197) File: F:/Five_Stages_PipeLine/id.v Line: 1197
Info (10041): Inferred latch for "reg1_o[29]" at id.v(1197) File: F:/Five_Stages_PipeLine/id.v Line: 1197
Info (10041): Inferred latch for "reg1_o[30]" at id.v(1197) File: F:/Five_Stages_PipeLine/id.v Line: 1197
Info (10041): Inferred latch for "reg1_o[31]" at id.v(1197) File: F:/Five_Stages_PipeLine/id.v Line: 1197
Error (10028): Can't resolve multiple constant drivers for net "reg1_o[31]" at id.v(1222) File: F:/Five_Stages_PipeLine/id.v Line: 1222
Error (10029): Constant driver at id.v(1197) File: F:/Five_Stages_PipeLine/id.v Line: 1197
Error (10028): Can't resolve multiple constant drivers for net "reg1_o[30]" at id.v(1222) File: F:/Five_Stages_PipeLine/id.v Line: 1222
Error (10028): Can't resolve multiple constant drivers for net "reg1_o[29]" at id.v(1222) File: F:/Five_Stages_PipeLine/id.v Line: 1222
Error (10028): Can't resolve multiple constant drivers for net "reg1_o[28]" at id.v(1222) File: F:/Five_Stages_PipeLine/id.v Line: 1222
Error (10028): Can't resolve multiple constant drivers for net "reg1_o[27]" at id.v(1222) File: F:/Five_Stages_PipeLine/id.v Line: 1222
Error (10028): Can't resolve multiple constant drivers for net "reg1_o[26]" at id.v(1222) File: F:/Five_Stages_PipeLine/id.v Line: 1222
Error (10028): Can't resolve multiple constant drivers for net "reg1_o[25]" at id.v(1222) File: F:/Five_Stages_PipeLine/id.v Line: 1222
Error (10028): Can't resolve multiple constant drivers for net "reg1_o[24]" at id.v(1222) File: F:/Five_Stages_PipeLine/id.v Line: 1222
Error (10028): Can't resolve multiple constant drivers for net "reg1_o[23]" at id.v(1222) File: F:/Five_Stages_PipeLine/id.v Line: 1222
Error (10028): Can't resolve multiple constant drivers for net "reg1_o[22]" at id.v(1222) File: F:/Five_Stages_PipeLine/id.v Line: 1222
Error (10028): Can't resolve multiple constant drivers for net "reg1_o[21]" at id.v(1222) File: F:/Five_Stages_PipeLine/id.v Line: 1222
Error (10028): Can't resolve multiple constant drivers for net "reg1_o[20]" at id.v(1222) File: F:/Five_Stages_PipeLine/id.v Line: 1222
Error (10028): Can't resolve multiple constant drivers for net "reg1_o[19]" at id.v(1222) File: F:/Five_Stages_PipeLine/id.v Line: 1222
Error (10028): Can't resolve multiple constant drivers for net "reg1_o[18]" at id.v(1222) File: F:/Five_Stages_PipeLine/id.v Line: 1222
Error (10028): Can't resolve multiple constant drivers for net "reg1_o[17]" at id.v(1222) File: F:/Five_Stages_PipeLine/id.v Line: 1222
Error (10028): Can't resolve multiple constant drivers for net "reg1_o[16]" at id.v(1222) File: F:/Five_Stages_PipeLine/id.v Line: 1222
Error (10028): Can't resolve multiple constant drivers for net "reg1_o[15]" at id.v(1222) File: F:/Five_Stages_PipeLine/id.v Line: 1222
Error (10028): Can't resolve multiple constant drivers for net "reg1_o[14]" at id.v(1222) File: F:/Five_Stages_PipeLine/id.v Line: 1222
Error (12152): Can't elaborate user hierarchy "openmips:openmips0|id:id0" File: F:/Five_Stages_PipeLine/openmips.v Line: 266
Info (144001): Generated suppressed messages file D:/openmips_min_sopc2/output_files/openmips_min_sopc.map.smsg
Error: Quartus Prime Analysis & Synthesis was unsuccessful. 20 errors, 3 warnings
    Error: Peak virtual memory: 836 megabytes
    Error: Processing ended: Mon Oct 03 20:09:42 2016
    Error: Elapsed time: 00:00:12
    Error: Total CPU time (on all processors): 00:00:28


+------------------------------------------+
; Analysis & Synthesis Suppressed Messages ;
+------------------------------------------+
The suppressed messages can be found in D:/openmips_min_sopc2/output_files/openmips_min_sopc.map.smsg.


